User Tester121 been created
User userTest2 been created
User  has been sucessfully deleted.
User  has been sucessfully deleted.
User userTest2 been created
User  has been sucessfully deleted.
User userTest2 has been sucessfully deleted.
User user2 has been sucessfully deleted.
User userTest2 been created
User user12 has been sucessfully deleted.
User userTest2 has been sucessfully deleted.
User user12 has been sucessfully deleted.
User userTest2 been created
User user121 has been sucessfully deleted.
User userTest2 been created
User userTest2 been created
User userTest2 been created
User userTest2 been created
ERROR: User userTest2 does not exist.
User userTest2 been created
INFO: User userTest2 deleted successfully.
ERROR: User userTest2 does not exist.
User userTest2 been created
INFO: User userTest2 deleted successfully.